2022-12-18 13:09:43.7876 [DEBUG] Scene Fusion version 1.9.3-0
2022-12-18 13:09:43.8011 [INFO] Setting define symbol SCENE_FUSION
2022-12-18 13:09:55.9071 [DEBUG] Scene Fusion version 1.9.3-0
2022-12-18 13:10:09.0300 [ERROR] NullReferenceException: Object reference not set to an instance of an object
KS.SceneFusion.sfLoginMenu.Login () (at <21305f8365504f44abb6624ce2943904>:0)
KS.Unity.Editor.ksBaseLoginMenu`1[T].Draw (KS.Unity.Editor.ksWindow window) (at <852cb2fc550a4adeada1f874de9e3e4c>:0)
KS.SceneFusion.sfLoginMenu.KS.Unity.Editor.ksIMenu.Draw (KS.Unity.Editor.ksWindow window) (at <21305f8365504f44abb6624ce2943904>:0)
KS.Unity.Editor.ksWindow.OnGUI () (at <852cb2fc550a4adeada1f874de9e3e4c>:0)
UnityEditor.HostView.InvokeOnGUI (UnityEngine.Rect onGUIPosition) (at <11d97693183d4a6bb35c29ae7882c66b>:0)
UnityEditor.DockArea.DrawView (UnityEngine.Rect dockAreaRect) (at <11d97693183d4a6bb35c29ae7882c66b>:0)
UnityEditor.DockArea.OldOnGUI () (at <11d97693183d4a6bb35c29ae7882c66b>:0)
UnityEngine.UIElements.IMGUIContainer.DoOnGUI (UnityEngine.Event evt, UnityEngine.Matrix4x4 parentTransform, UnityEngine.Rect clippingRect, System.Boolean isComputingLayout, UnityEngine.Rect layoutSize, System.Action onGUIHandler, System.Boolean canAffectFocus) (at <8759e14def7c40b68c657c638e8a0434>:0)
UnityEngine.UIElements.IMGUIContainer.HandleIMGUIEvent (UnityEngine.Event e, UnityEngine.Matrix4x4 worldTransform, UnityEngine.Rect clippingRect, System.Action onGUIHandler, System.Boolean canAffectFocus) (at <8759e14def7c40b68c657c638e8a0434>:0)
UnityEngine.UIElements.IMGUIContainer.HandleIMGUIEvent (UnityEngine.Event e, System.Action onGUIHandler, System.Boolean canAffectFocus) (at <8759e14def7c40b68c657c638e8a0434>:0)
UnityEngine.UIElements.IMGUIContainer.HandleIMGUIEvent (UnityEngine.Event e, System.Boolean canAffectFocus) (at <8759e14def7c40b68c657c638e8a0434>:0)
UnityEngine.UIElements.IMGUIContainer.SendEventToIMGUIRaw (UnityEngine.UIElements.EventBase evt, System.Boolean canAffectFocus, System.Boolean verifyBounds) (at <8759e14def7c40b68c657c638e8a0434>:0)
UnityEngine.UIElements.IMGUIContainer.SendEventToIMGUI (UnityEngine.UIElements.EventBase evt, System.Boolean canAffectFocus, System.Boolean verifyBounds) (at <8759e14def7c40b68c657c638e8a0434>:0)
UnityEngine.UIElements.IMGUIContainer.HandleEvent (UnityEngine.UIElements.EventBase evt) (at <8759e14def7c40b68c657c638e8a0434>:0)
UnityEngine.UIElements.CallbackEventHandler.HandleEventAtTargetPhase (UnityEngine.UIElements.EventBase evt) (at <8759e14def7c40b68c657c638e8a0434>:0)
UnityEngine.UIElements.MouseCaptureDispatchingStrategy.DispatchEvent (UnityEngine.UIElements.EventBase evt, UnityEngine.UIElements.IPanel panel) (at <8759e14def7c40b68c657c638e8a0434>:0)
UnityEngine.UIElements.EventDispatcher.ApplyDispatchingStrategies (UnityEngine.UIElements.EventBase evt, UnityEngine.UIElements.IPanel panel, System.Boolean imguiEventIsInitiallyUsed) (at <8759e14def7c40b68c657c638e8a0434>:0)
UnityEngine.UIElements.EventDispatcher.ProcessEvent (UnityEngine.UIElements.EventBase evt, UnityEngine.UIElements.IPanel panel) (at <8759e14def7c40b68c657c638e8a0434>:0)
UnityEngine.UIElements.EventDispatcher.ProcessEventQueue () (at <8759e14def7c40b68c657c638e8a0434>:0)
UnityEngine.UIElements.EventDispatcher.OpenGate () (at <8759e14def7c40b68c657c638e8a0434>:0)
UnityEngine.UIElements.EventDispatcherGate.Dispose () (at <8759e14def7c40b68c657c638e8a0434>:0)
UnityEngine.UIElements.EventDispatcher.ProcessEvent (UnityEngine.UIElements.EventBase evt, UnityEngine.UIElements.IPanel panel) (at <8759e14def7c40b68c657c638e8a0434>:0)
UnityEngine.UIElements.EventDispatcher.Dispatch (UnityEngine.UIElements.EventBase evt, UnityEngine.UIElements.IPanel panel, UnityEngine.UIElements.DispatchMode dispatchMode) (at <8759e14def7c40b68c657c638e8a0434>:0)
UnityEngine.UIElements.BaseVisualElementPanel.SendEvent (UnityEngine.UIElements.EventBase e, UnityEngine.UIElements.DispatchMode dispatchMode) (at <8759e14def7c40b68c657c638e8a0434>:0)
UnityEngine.UIElements.UIElementsUtility.DoDispatch (UnityEngine.UIElements.BaseVisualElementPanel panel) (at <8759e14def7c40b68c657c638e8a0434>:0)
UnityEngine.UIElements.UIElementsUtility.UnityEngine.UIElements.IUIElementsUtility.ProcessEvent (System.Int32 instanceID, System.IntPtr nativeEventPtr, System.Boolean& eventHandled) (at <8759e14def7c40b68c657c638e8a0434>:0)
UnityEngine.UIElements.UIEventRegistration.ProcessEvent (System.Int32 instanceID, System.IntPtr nativeEventPtr) (at <8759e14def7c40b68c657c638e8a0434>:0)
UnityEngine.UIElements.UIEventRegistration+<>c.<.cctor>b__1_2 (System.Int32 i, System.IntPtr ptr) (at <8759e14def7c40b68c657c638e8a0434>:0)
UnityEngine.GUIUtility.ProcessEvent (System.Int32 instanceID, System.IntPtr nativeEventPtr, System.Boolean& result) (at <44335255efcb428fb633c913db3eed7a>:0)

